21:40:10.715 [main] DEBUG - using default POIXMLDocumentPart for http://schemas.openxmlformats.org/officeDocument/2006/relationships/printerSettings
21:40:11.075 [main] DEBUG - Parsing relationship: /xl/_rels/workbook.xml.rels
21:40:11.077 [main] DEBUG - Parsing relationship: /xl/worksheets/_rels/sheet1.xml.rels
21:40:11.079 [main] DEBUG - Parsing relationship: /_rels/.rels
21:40:11.101 [main] DEBUG - using default POIXMLDocumentPart for http://schemas.openxmlformats.org/officeDocument/2006/relationships/printerSettings
21:40:11.415 [main] DEBUG - Parsing relationship: /xl/_rels/workbook.xml.rels
21:40:11.419 [main] DEBUG - Parsing relationship: /xl/worksheets/_rels/sheet1.xml.rels
21:40:11.420 [main] DEBUG - Parsing relationship: /_rels/.rels
21:40:11.435 [main] DEBUG - using default POIXMLDocumentPart for http://schemas.openxmlformats.org/officeDocument/2006/relationships/printerSettings
21:40:11.941 [main] DEBUG - Parsing relationship: /xl/_rels/workbook.xml.rels
21:40:11.943 [main] DEBUG - Parsing relationship: /xl/worksheets/_rels/sheet1.xml.rels
21:40:11.947 [main] DEBUG - Parsing relationship: /_rels/.rels
21:40:11.982 [main] DEBUG - using default POIXMLDocumentPart for http://schemas.openxmlformats.org/officeDocument/2006/relationships/printerSettings
21:40:12.543 [main] INFO  - Confirm Message is clicked
21:40:20.482 [main] DEBUG - Parsing relationship: /xl/_rels/workbook.xml.rels
21:40:20.484 [main] DEBUG - Parsing relationship: /xl/worksheets/_rels/sheet1.xml.rels
21:40:20.486 [main] DEBUG - Parsing relationship: /_rels/.rels
21:40:20.510 [main] DEBUG - using default POIXMLDocumentPart for http://schemas.openxmlformats.org/officeDocument/2006/relationships/printerSettings
21:40:20.564 [main] TRACE - Resolving type for handle ctsheetdimensiond310type
21:40:20.571 [main] TRACE - Resolving type for handle stref90a2type
21:40:20.598 [main] TRACE - Resolving type for handle propertiesee84doctype
21:40:20.604 [main] TRACE - Resolving type for handle ctproperties3f10type
21:40:20.624 [main] TRACE - Resolving type for handle properties288cdoctype
21:40:20.626 [main] TRACE - Resolving type for handle ctproperties2c18type
21:40:20.664 [main] DEBUG - Save content types part
21:40:20.874 [main] DEBUG - Save package relationships
21:40:20.882 [main] DEBUG - Save part 'docProps/app.xml'
21:40:20.884 [main] DEBUG - Save part 'docProps/core.xml'
21:40:20.892 [main] DEBUG - Save part 'xl/printerSettings/printerSettings1.bin'
21:40:20.893 [main] DEBUG - Save part 'xl/sharedStrings.xml'
21:40:20.893 [main] DEBUG - Save part 'xl/styles.xml'
21:40:20.898 [main] DEBUG - Save part 'xl/theme/theme1.xml'
21:40:20.902 [main] DEBUG - Save part 'xl/workbook.xml'
21:40:20.907 [main] DEBUG - Save part 'xl/worksheets/sheet1.xml'
21:40:21.059 [main] DEBUG - Parsing relationship: /xl/_rels/workbook.xml.rels
21:40:21.061 [main] DEBUG - Parsing relationship: /xl/worksheets/_rels/sheet1.xml.rels
21:40:21.063 [main] DEBUG - Parsing relationship: /_rels/.rels
21:40:21.086 [main] DEBUG - using default POIXMLDocumentPart for http://schemas.openxmlformats.org/officeDocument/2006/relationships/printerSettings
21:40:21.109 [main] TRACE - Resolving type for handle stfontid9d63type
21:40:21.116 [main] TRACE - Resolving type for handle stfillida097type
21:40:21.123 [main] TRACE - Resolving type for handle stborderid1a80type
21:40:21.127 [main] TRACE - Resolving type for handle ctcolord2c2type
21:40:21.143 [main] TRACE - Resolving type for handle ctpatternfill7452type
21:40:21.153 [main] TRACE - Resolving type for handle stpatterntype7939type
21:40:21.199 [main] DEBUG - Save content types part
21:40:21.205 [main] DEBUG - Save package relationships
21:40:21.209 [main] DEBUG - Save part 'docProps/app.xml'
21:40:21.209 [main] DEBUG - Save part 'docProps/core.xml'
21:40:21.216 [main] DEBUG - Save part 'xl/printerSettings/printerSettings1.bin'
21:40:21.217 [main] DEBUG - Save part 'xl/sharedStrings.xml'
21:40:21.219 [main] DEBUG - Save part 'xl/styles.xml'
21:40:21.220 [main] DEBUG - Save part 'xl/theme/theme1.xml'
21:40:21.222 [main] DEBUG - Save part 'xl/workbook.xml'
21:40:21.226 [main] DEBUG - Save part 'xl/worksheets/sheet1.xml'
21:40:23.180 [main] INFO  - Gift Card Label is clicked
21:40:25.046 [main] INFO  - Birthday Card is clicked
21:40:25.423 [main] DEBUG - Parsing relationship: /xl/_rels/workbook.xml.rels
21:40:25.424 [main] DEBUG - Parsing relationship: /xl/worksheets/_rels/sheet1.xml.rels
21:40:25.425 [main] DEBUG - Parsing relationship: /_rels/.rels
21:40:25.436 [main] DEBUG - using default POIXMLDocumentPart for http://schemas.openxmlformats.org/officeDocument/2006/relationships/printerSettings
21:40:25.446 [main] INFO  - Amount is Entered
21:40:25.606 [main] INFO  - Date and Month are selected
21:40:25.943 [main] INFO  - Next button is clicked
21:40:26.342 [main] DEBUG - Parsing relationship: /xl/_rels/workbook.xml.rels
21:40:26.343 [main] DEBUG - Parsing relationship: /xl/worksheets/_rels/sheet1.xml.rels
21:40:26.344 [main] DEBUG - Parsing relationship: /_rels/.rels
21:40:26.353 [main] DEBUG - using default POIXMLDocumentPart for http://schemas.openxmlformats.org/officeDocument/2006/relationships/printerSettings
21:40:26.501 [main] DEBUG - Parsing relationship: /xl/_rels/workbook.xml.rels
21:40:26.502 [main] DEBUG - Parsing relationship: /xl/worksheets/_rels/sheet1.xml.rels
21:40:26.503 [main] DEBUG - Parsing relationship: /_rels/.rels
21:40:26.518 [main] DEBUG - using default POIXMLDocumentPart for http://schemas.openxmlformats.org/officeDocument/2006/relationships/printerSettings
21:40:26.748 [main] DEBUG - Parsing relationship: /xl/_rels/workbook.xml.rels
21:40:26.749 [main] DEBUG - Parsing relationship: /xl/worksheets/_rels/sheet1.xml.rels
21:40:26.750 [main] DEBUG - Parsing relationship: /_rels/.rels
21:40:26.758 [main] DEBUG - using default POIXMLDocumentPart for http://schemas.openxmlformats.org/officeDocument/2006/relationships/printerSettings
21:40:27.134 [main] DEBUG - Parsing relationship: /xl/_rels/workbook.xml.rels
21:40:27.134 [main] DEBUG - Parsing relationship: /xl/worksheets/_rels/sheet1.xml.rels
21:40:27.135 [main] DEBUG - Parsing relationship: /_rels/.rels
21:40:27.148 [main] DEBUG - using default POIXMLDocumentPart for http://schemas.openxmlformats.org/officeDocument/2006/relationships/printerSettings
21:40:27.304 [main] DEBUG - Parsing relationship: /xl/_rels/workbook.xml.rels
21:40:27.305 [main] DEBUG - Parsing relationship: /xl/worksheets/_rels/sheet1.xml.rels
21:40:27.306 [main] DEBUG - Parsing relationship: /_rels/.rels
21:40:27.314 [main] DEBUG - using default POIXMLDocumentPart for http://schemas.openxmlformats.org/officeDocument/2006/relationships/printerSettings
21:40:27.506 [main] DEBUG - Parsing relationship: /xl/_rels/workbook.xml.rels
21:40:27.507 [main] DEBUG - Parsing relationship: /xl/worksheets/_rels/sheet1.xml.rels
21:40:27.511 [main] DEBUG - Parsing relationship: /_rels/.rels
21:40:27.520 [main] DEBUG - using default POIXMLDocumentPart for http://schemas.openxmlformats.org/officeDocument/2006/relationships/printerSettings
21:40:27.689 [main] DEBUG - Parsing relationship: /xl/_rels/workbook.xml.rels
21:40:27.689 [main] DEBUG - Parsing relationship: /xl/worksheets/_rels/sheet1.xml.rels
21:40:27.690 [main] DEBUG - Parsing relationship: /_rels/.rels
21:40:27.701 [main] DEBUG - using default POIXMLDocumentPart for http://schemas.openxmlformats.org/officeDocument/2006/relationships/printerSettings
21:40:27.854 [main] DEBUG - Parsing relationship: /xl/_rels/workbook.xml.rels
21:40:27.854 [main] DEBUG - Parsing relationship: /xl/worksheets/_rels/sheet1.xml.rels
21:40:27.855 [main] DEBUG - Parsing relationship: /_rels/.rels
21:40:27.865 [main] DEBUG - using default POIXMLDocumentPart for http://schemas.openxmlformats.org/officeDocument/2006/relationships/printerSettings
21:40:28.016 [main] INFO  - Confirm Message is clicked
21:40:35.877 [main] DEBUG - Parsing relationship: /xl/_rels/workbook.xml.rels
21:40:35.877 [main] DEBUG - Parsing relationship: /xl/worksheets/_rels/sheet1.xml.rels
21:40:35.878 [main] DEBUG - Parsing relationship: /_rels/.rels
21:40:35.883 [main] DEBUG - using default POIXMLDocumentPart for http://schemas.openxmlformats.org/officeDocument/2006/relationships/printerSettings
21:40:35.915 [main] DEBUG - Save content types part
21:40:35.920 [main] DEBUG - Save package relationships
21:40:35.926 [main] DEBUG - Save part 'docProps/app.xml'
21:40:35.927 [main] DEBUG - Save part 'docProps/core.xml'
21:40:35.932 [main] DEBUG - Save part 'xl/printerSettings/printerSettings1.bin'
21:40:35.933 [main] DEBUG - Save part 'xl/sharedStrings.xml'
21:40:35.933 [main] DEBUG - Save part 'xl/styles.xml'
21:40:35.934 [main] DEBUG - Save part 'xl/theme/theme1.xml'
21:40:35.934 [main] DEBUG - Save part 'xl/workbook.xml'
21:40:35.936 [main] DEBUG - Save part 'xl/worksheets/sheet1.xml'
21:40:35.968 [main] DEBUG - Parsing relationship: /xl/_rels/workbook.xml.rels
21:40:35.970 [main] DEBUG - Parsing relationship: /xl/worksheets/_rels/sheet1.xml.rels
21:40:35.971 [main] DEBUG - Parsing relationship: /_rels/.rels
21:40:35.977 [main] DEBUG - using default POIXMLDocumentPart for http://schemas.openxmlformats.org/officeDocument/2006/relationships/printerSettings
21:40:35.997 [main] DEBUG - Save content types part
21:40:36.000 [main] DEBUG - Save package relationships
21:40:36.001 [main] DEBUG - Save part 'docProps/app.xml'
21:40:36.002 [main] DEBUG - Save part 'docProps/core.xml'
21:40:36.003 [main] DEBUG - Save part 'xl/printerSettings/printerSettings1.bin'
21:40:36.004 [main] DEBUG - Save part 'xl/sharedStrings.xml'
21:40:36.004 [main] DEBUG - Save part 'xl/styles.xml'
21:40:36.004 [main] DEBUG - Save part 'xl/theme/theme1.xml'
21:40:36.005 [main] DEBUG - Save part 'xl/workbook.xml'
21:40:36.007 [main] DEBUG - Save part 'xl/worksheets/sheet1.xml'
21:43:14.053 [main] INFO  - BookShelf option is displayed
21:43:14.218 [main] INFO  - BookShelf option is clicked
21:43:20.425 [main] INFO  - PopUp is closed
21:43:24.451 [main] INFO  - Exclude Out of Stock option is clicked
21:43:27.357 [main] INFO  - Open Storage option is displayed
21:43:32.217 [main] INFO  - High to Low option in Sort By drop down is displayed
21:43:42.107 [main] INFO  - Living Label option is clicked
21:46:36.183 [main] INFO  - BookShelf option is displayed
21:46:36.959 [main] INFO  - BookShelf option is clicked
21:46:42.519 [main] INFO  - PopUp is closed
21:46:46.584 [main] INFO  - Exclude Out of Stock option is clicked
21:46:49.228 [main] INFO  - Open Storage option is displayed
21:46:54.048 [main] INFO  - High to Low option in Sort By drop down is displayed
21:46:58.726 [main] INFO  - Living Label option is clicked
21:49:13.900 [main] INFO  - BookShelf option is displayed
21:49:14.732 [main] INFO  - BookShelf option is clicked
21:49:20.549 [main] INFO  - PopUp is closed
21:49:24.881 [main] INFO  - Exclude Out of Stock option is clicked
21:49:27.646 [main] INFO  - Open Storage option is displayed
21:49:32.359 [main] INFO  - High to Low option in Sort By drop down is displayed
21:49:37.267 [main] INFO  - Living Label option is clicked
21:51:58.266 [main] INFO  - BookShelf option is displayed
21:51:58.444 [main] INFO  - BookShelf option is clicked
21:52:04.577 [main] INFO  - PopUp is closed
21:52:08.640 [main] INFO  - Exclude Out of Stock option is clicked
21:52:11.407 [main] INFO  - Open Storage option is displayed
21:52:16.106 [main] INFO  - High to Low option in Sort By drop down is displayed
21:52:20.669 [main] INFO  - Living Label option is clicked
09:14:25.729 [main] INFO  - BookShelf option is displayed
09:14:25.813 [main] INFO  - BookShelf option is clicked
09:14:32.060 [main] INFO  - PopUp is closed
09:14:36.493 [main] INFO  - Exclude Out of Stock option is clicked
09:14:39.165 [main] INFO  - Open Storage option is displayed
09:14:43.930 [main] INFO  - High to Low option in Sort By drop down is displayed
09:14:49.082 [main] INFO  - Living Label option is clicked
09:14:56.465 [main] INFO  - Gift Card Label is clicked
09:15:00.195 [main] INFO  - Birthday Card is clicked
09:15:00.759 [main] DEBUG - Parsing relationship: /xl/_rels/workbook.xml.rels
09:15:00.762 [main] DEBUG - Parsing relationship: /xl/worksheets/_rels/sheet1.xml.rels
09:15:00.767 [main] DEBUG - Parsing relationship: /_rels/.rels
09:15:00.988 [main] TRACE - Loading type system org.apache.poi.schemas.ooxml.system.ooxml
09:15:00.993 [main] TRACE - Loading type system org.apache.xmlbeans.metadata.system.sXMLCONFIG
09:15:00.994 [main] TRACE - Loading type system org.apache.xmlbeans.metadata.system.sXMLLANG
09:15:00.994 [main] TRACE - Loading type system org.apache.xmlbeans.metadata.system.sXMLSCHEMA
09:15:00.995 [main] TRACE - Loading type system org.apache.xmlbeans.metadata.system.sXMLTOOLS
09:15:00.996 [main] TRACE - Reading unresolved handles for type system org.apache.xmlbeans.metadata.system.sXMLTOOLS
09:15:01.015 [main] TRACE - Finished loading type system org.apache.xmlbeans.metadata.system.sXMLTOOLS
09:15:01.016 [main] TRACE - Reading unresolved handles for type system org.apache.xmlbeans.metadata.system.sXMLSCHEMA
09:15:01.023 [main] TRACE - Finished loading type system org.apache.xmlbeans.metadata.system.sXMLSCHEMA
09:15:01.025 [main] TRACE - Reading unresolved handles for type system org.apache.xmlbeans.metadata.system.sXMLLANG
09:15:01.027 [main] TRACE - Finished loading type system org.apache.xmlbeans.metadata.system.sXMLLANG
09:15:01.028 [main] TRACE - Reading unresolved handles for type system org.apache.xmlbeans.metadata.system.sXMLCONFIG
09:15:01.029 [main] TRACE - Finished loading type system org.apache.xmlbeans.metadata.system.sXMLCONFIG
09:15:01.030 [main] TRACE - Reading unresolved handles for type system org.apache.poi.schemas.ooxml.system.ooxml
09:15:01.154 [main] TRACE - Finished loading type system org.apache.poi.schemas.ooxml.system.ooxml
09:15:01.155 [main] TRACE - Resolving type for handle themefd26doctype
09:15:01.239 [main] TRACE - Resolving type for handle stylesheet5d8bdoctype
09:15:01.263 [main] TRACE - Resolving type for handle ctstylesheet4257type
09:15:01.270 [main] TRACE - Resolving type for handle ctnumfmtsb58btype
09:15:01.274 [main] TRACE - Resolving type for handle ctfonts6623type
09:15:01.279 [main] TRACE - Resolving type for handle ctfont14d8type
09:15:01.285 [main] TRACE - Resolving type for handle ctfills2c6ftype
09:15:01.288 [main] TRACE - Resolving type for handle ctfill550ctype
09:15:01.293 [main] TRACE - Resolving type for handle ctborders0d66type
09:15:01.297 [main] TRACE - Resolving type for handle ctborderf935type
09:15:01.300 [main] TRACE - Resolving type for handle ctcellxfs1322type
09:15:01.304 [main] TRACE - Resolving type for handle ctxf97f7type
09:15:01.311 [main] TRACE - Resolving type for handle ctcellstylexfsa81ftype
09:15:01.313 [main] TRACE - Resolving type for handle ctdxfsb26atype
09:15:01.317 [main] TRACE - Resolving type for handle cttablestyles872ftype
09:15:01.321 [main] TRACE - Resolving type for handle sstf81fdoctype
09:15:01.331 [main] TRACE - Resolving type for handle ctsst44f3type
09:15:01.348 [main] TRACE - Resolving type for handle ctrsta472type
09:15:01.394 [main] DEBUG - using default POIXMLDocumentPart for http://schemas.openxmlformats.org/officeDocument/2006/relationships/printerSettings
09:15:01.397 [main] TRACE - Resolving type for handle workbookec17doctype
09:15:01.404 [main] TRACE - Resolving type for handle ctworkbook83c3type
09:15:01.412 [main] TRACE - Resolving type for handle ctsheets49fdtype
09:15:01.416 [main] TRACE - Resolving type for handle ctsheet4dbetype
09:15:01.419 [main] TRACE - Resolving type for handle strelationshipid1e94type
09:15:01.424 [main] TRACE - Resolving type for handle worksheetf539doctype
09:15:01.435 [main] TRACE - Resolving type for handle ctworksheet530dtype
09:15:01.449 [main] TRACE - Resolving type for handle ctcols627ctype
09:15:01.456 [main] TRACE - Resolving type for handle ctcola95ftype
09:15:01.494 [main] TRACE - Resolving type for handle ctsheetdata8408type
09:15:01.503 [main] TRACE - Resolving type for handle ctrowdd39type
09:15:01.522 [main] TRACE - Resolving type for handle ctcell842btype
09:15:01.548 [main] TRACE - Resolving type for handle stcellrefe4e0type
09:15:01.568 [main] TRACE - Resolving type for handle cthyperlinks6416type
09:15:01.574 [main] TRACE - Resolving type for handle cthyperlink0c85type
09:15:01.592 [main] TRACE - Resolving type for handle stxstringf179type
09:15:01.599 [main] TRACE - Resolving type for handle stcelltypebf95type
09:15:01.617 [main] TRACE - Resolving type for handle stcellstylexfid70c7type
09:15:01.625 [main] TRACE - Resolving type for handle stnumfmtid76fbtype
09:15:01.632 [main] TRACE - Resolving type for handle ctworkbookpr03a5type
09:15:01.645 [main] INFO  - Amount is Entered
09:15:01.925 [main] INFO  - Date and Month are selected
09:15:02.372 [main] INFO  - Next button is clicked
09:15:02.910 [main] DEBUG - Parsing relationship: /xl/_rels/workbook.xml.rels
09:15:02.912 [main] DEBUG - Parsing relationship: /xl/worksheets/_rels/sheet1.xml.rels
09:15:02.915 [main] DEBUG - Parsing relationship: /_rels/.rels
09:15:02.943 [main] DEBUG - using default POIXMLDocumentPart for http://schemas.openxmlformats.org/officeDocument/2006/relationships/printerSettings
09:15:03.165 [main] DEBUG - Parsing relationship: /xl/_rels/workbook.xml.rels
09:15:03.166 [main] DEBUG - Parsing relationship: /xl/worksheets/_rels/sheet1.xml.rels
09:15:03.168 [main] DEBUG - Parsing relationship: /_rels/.rels
09:15:03.191 [main] DEBUG - using default POIXMLDocumentPart for http://schemas.openxmlformats.org/officeDocument/2006/relationships/printerSettings
09:15:03.490 [main] DEBUG - Parsing relationship: /xl/_rels/workbook.xml.rels
09:15:03.494 [main] DEBUG - Parsing relationship: /xl/worksheets/_rels/sheet1.xml.rels
09:15:03.496 [main] DEBUG - Parsing relationship: /_rels/.rels
09:15:03.518 [main] DEBUG - using default POIXMLDocumentPart for http://schemas.openxmlformats.org/officeDocument/2006/relationships/printerSettings
09:15:04.094 [main] DEBUG - Parsing relationship: /xl/_rels/workbook.xml.rels
09:15:04.095 [main] DEBUG - Parsing relationship: /xl/worksheets/_rels/sheet1.xml.rels
09:15:04.098 [main] DEBUG - Parsing relationship: /_rels/.rels
09:15:04.130 [main] DEBUG - using default POIXMLDocumentPart for http://schemas.openxmlformats.org/officeDocument/2006/relationships/printerSettings
09:15:04.399 [main] DEBUG - Parsing relationship: /xl/_rels/workbook.xml.rels
09:15:04.402 [main] DEBUG - Parsing relationship: /xl/worksheets/_rels/sheet1.xml.rels
09:15:04.406 [main] DEBUG - Parsing relationship: /_rels/.rels
09:15:04.438 [main] DEBUG - using default POIXMLDocumentPart for http://schemas.openxmlformats.org/officeDocument/2006/relationships/printerSettings
09:15:04.975 [main] DEBUG - Parsing relationship: /xl/_rels/workbook.xml.rels
09:15:04.977 [main] DEBUG - Parsing relationship: /xl/worksheets/_rels/sheet1.xml.rels
09:15:04.980 [main] DEBUG - Parsing relationship: /_rels/.rels
09:15:05.008 [main] DEBUG - using default POIXMLDocumentPart for http://schemas.openxmlformats.org/officeDocument/2006/relationships/printerSettings
09:15:05.436 [main] DEBUG - Parsing relationship: /xl/_rels/workbook.xml.rels
09:15:05.438 [main] DEBUG - Parsing relationship: /xl/worksheets/_rels/sheet1.xml.rels
09:15:05.441 [main] DEBUG - Parsing relationship: /_rels/.rels
09:15:05.477 [main] DEBUG - using default POIXMLDocumentPart for http://schemas.openxmlformats.org/officeDocument/2006/relationships/printerSettings
09:15:05.835 [main] DEBUG - Parsing relationship: /xl/_rels/workbook.xml.rels
09:15:05.837 [main] DEBUG - Parsing relationship: /xl/worksheets/_rels/sheet1.xml.rels
09:15:05.840 [main] DEBUG - Parsing relationship: /_rels/.rels
09:15:05.863 [main] DEBUG - using default POIXMLDocumentPart for http://schemas.openxmlformats.org/officeDocument/2006/relationships/printerSettings
09:15:06.137 [main] INFO  - Confirm Message is clicked
09:15:13.667 [main] DEBUG - Parsing relationship: /xl/_rels/workbook.xml.rels
09:15:13.668 [main] DEBUG - Parsing relationship: /xl/worksheets/_rels/sheet1.xml.rels
09:15:13.670 [main] DEBUG - Parsing relationship: /_rels/.rels
09:15:13.681 [main] DEBUG - using default POIXMLDocumentPart for http://schemas.openxmlformats.org/officeDocument/2006/relationships/printerSettings
09:15:13.714 [main] TRACE - Resolving type for handle ctsheetdimensiond310type
09:15:13.717 [main] TRACE - Resolving type for handle stref90a2type
09:15:13.748 [main] TRACE - Resolving type for handle propertiesee84doctype
09:15:13.765 [main] TRACE - Resolving type for handle ctproperties3f10type
09:15:13.778 [main] TRACE - Resolving type for handle properties288cdoctype
09:15:13.782 [main] TRACE - Resolving type for handle ctproperties2c18type
09:15:13.815 [main] DEBUG - Save content types part
09:15:13.960 [main] DEBUG - Save package relationships
09:15:13.964 [main] DEBUG - Save part 'docProps/app.xml'
09:15:13.964 [main] DEBUG - Save part 'docProps/core.xml'
09:15:13.974 [main] DEBUG - Save part 'xl/printerSettings/printerSettings1.bin'
09:15:13.975 [main] DEBUG - Save part 'xl/sharedStrings.xml'
09:15:13.976 [main] DEBUG - Save part 'xl/styles.xml'
09:15:13.977 [main] DEBUG - Save part 'xl/theme/theme1.xml'
09:15:13.977 [main] DEBUG - Save part 'xl/workbook.xml'
09:15:13.980 [main] DEBUG - Save part 'xl/worksheets/sheet1.xml'
09:15:14.028 [main] DEBUG - Parsing relationship: /xl/_rels/workbook.xml.rels
09:15:14.029 [main] DEBUG - Parsing relationship: /xl/worksheets/_rels/sheet1.xml.rels
09:15:14.030 [main] DEBUG - Parsing relationship: /_rels/.rels
09:15:14.046 [main] DEBUG - using default POIXMLDocumentPart for http://schemas.openxmlformats.org/officeDocument/2006/relationships/printerSettings
09:15:14.064 [main] TRACE - Resolving type for handle stfontid9d63type
09:15:14.074 [main] TRACE - Resolving type for handle stfillida097type
09:15:14.078 [main] TRACE - Resolving type for handle stborderid1a80type
09:15:14.081 [main] TRACE - Resolving type for handle ctcolord2c2type
09:15:14.101 [main] TRACE - Resolving type for handle ctpatternfill7452type
09:15:14.110 [main] TRACE - Resolving type for handle stpatterntype7939type
09:15:14.139 [main] DEBUG - Save content types part
09:15:14.143 [main] DEBUG - Save package relationships
09:15:14.145 [main] DEBUG - Save part 'docProps/app.xml'
09:15:14.146 [main] DEBUG - Save part 'docProps/core.xml'
09:15:14.148 [main] DEBUG - Save part 'xl/printerSettings/printerSettings1.bin'
09:15:14.149 [main] DEBUG - Save part 'xl/sharedStrings.xml'
09:15:14.149 [main] DEBUG - Save part 'xl/styles.xml'
09:15:14.150 [main] DEBUG - Save part 'xl/theme/theme1.xml'
09:15:14.150 [main] DEBUG - Save part 'xl/workbook.xml'
09:15:14.158 [main] DEBUG - Save part 'xl/worksheets/sheet1.xml'
09:15:16.753 [main] INFO  - Gift Card Label is clicked
09:15:18.991 [main] INFO  - Birthday Card is clicked
09:15:19.296 [main] DEBUG - Parsing relationship: /xl/_rels/workbook.xml.rels
09:15:19.296 [main] DEBUG - Parsing relationship: /xl/worksheets/_rels/sheet1.xml.rels
09:15:19.297 [main] DEBUG - Parsing relationship: /_rels/.rels
09:15:19.306 [main] DEBUG - using default POIXMLDocumentPart for http://schemas.openxmlformats.org/officeDocument/2006/relationships/printerSettings
09:15:19.313 [main] INFO  - Amount is Entered
09:15:19.494 [main] INFO  - Date and Month are selected
09:15:19.827 [main] INFO  - Next button is clicked
09:15:20.259 [main] DEBUG - Parsing relationship: /xl/_rels/workbook.xml.rels
09:15:20.259 [main] DEBUG - Parsing relationship: /xl/worksheets/_rels/sheet1.xml.rels
09:15:20.260 [main] DEBUG - Parsing relationship: /_rels/.rels
09:15:20.271 [main] DEBUG - using default POIXMLDocumentPart for http://schemas.openxmlformats.org/officeDocument/2006/relationships/printerSettings
09:15:20.393 [main] DEBUG - Parsing relationship: /xl/_rels/workbook.xml.rels
09:15:20.394 [main] DEBUG - Parsing relationship: /xl/worksheets/_rels/sheet1.xml.rels
09:15:20.395 [main] DEBUG - Parsing relationship: /_rels/.rels
09:15:20.405 [main] DEBUG - using default POIXMLDocumentPart for http://schemas.openxmlformats.org/officeDocument/2006/relationships/printerSettings
09:15:20.654 [main] DEBUG - Parsing relationship: /xl/_rels/workbook.xml.rels
09:15:20.655 [main] DEBUG - Parsing relationship: /xl/worksheets/_rels/sheet1.xml.rels
09:15:20.656 [main] DEBUG - Parsing relationship: /_rels/.rels
09:15:20.663 [main] DEBUG - using default POIXMLDocumentPart for http://schemas.openxmlformats.org/officeDocument/2006/relationships/printerSettings
09:15:21.066 [main] DEBUG - Parsing relationship: /xl/_rels/workbook.xml.rels
09:15:21.068 [main] DEBUG - Parsing relationship: /xl/worksheets/_rels/sheet1.xml.rels
09:15:21.069 [main] DEBUG - Parsing relationship: /_rels/.rels
09:15:21.082 [main] DEBUG - using default POIXMLDocumentPart for http://schemas.openxmlformats.org/officeDocument/2006/relationships/printerSettings
09:15:21.249 [main] DEBUG - Parsing relationship: /xl/_rels/workbook.xml.rels
09:15:21.250 [main] DEBUG - Parsing relationship: /xl/worksheets/_rels/sheet1.xml.rels
09:15:21.251 [main] DEBUG - Parsing relationship: /_rels/.rels
09:15:21.262 [main] DEBUG - using default POIXMLDocumentPart for http://schemas.openxmlformats.org/officeDocument/2006/relationships/printerSettings
09:15:21.481 [main] DEBUG - Parsing relationship: /xl/_rels/workbook.xml.rels
09:15:21.482 [main] DEBUG - Parsing relationship: /xl/worksheets/_rels/sheet1.xml.rels
09:15:21.483 [main] DEBUG - Parsing relationship: /_rels/.rels
09:15:21.493 [main] DEBUG - using default POIXMLDocumentPart for http://schemas.openxmlformats.org/officeDocument/2006/relationships/printerSettings
09:15:21.759 [main] DEBUG - Parsing relationship: /xl/_rels/workbook.xml.rels
09:15:21.761 [main] DEBUG - Parsing relationship: /xl/worksheets/_rels/sheet1.xml.rels
09:15:21.761 [main] DEBUG - Parsing relationship: /_rels/.rels
09:15:21.768 [main] DEBUG - using default POIXMLDocumentPart for http://schemas.openxmlformats.org/officeDocument/2006/relationships/printerSettings
09:15:21.962 [main] DEBUG - Parsing relationship: /xl/_rels/workbook.xml.rels
09:15:21.963 [main] DEBUG - Parsing relationship: /xl/worksheets/_rels/sheet1.xml.rels
09:15:21.964 [main] DEBUG - Parsing relationship: /_rels/.rels
09:15:21.977 [main] DEBUG - using default POIXMLDocumentPart for http://schemas.openxmlformats.org/officeDocument/2006/relationships/printerSettings
09:15:22.141 [main] INFO  - Confirm Message is clicked
09:15:29.991 [main] DEBUG - Parsing relationship: /xl/_rels/workbook.xml.rels
09:15:29.992 [main] DEBUG - Parsing relationship: /xl/worksheets/_rels/sheet1.xml.rels
09:15:29.992 [main] DEBUG - Parsing relationship: /_rels/.rels
09:15:29.999 [main] DEBUG - using default POIXMLDocumentPart for http://schemas.openxmlformats.org/officeDocument/2006/relationships/printerSettings
09:15:30.013 [main] DEBUG - Save content types part
09:15:30.015 [main] DEBUG - Save package relationships
09:15:30.017 [main] DEBUG - Save part 'docProps/app.xml'
09:15:30.017 [main] DEBUG - Save part 'docProps/core.xml'
09:15:30.019 [main] DEBUG - Save part 'xl/printerSettings/printerSettings1.bin'
09:15:30.019 [main] DEBUG - Save part 'xl/sharedStrings.xml'
09:15:30.020 [main] DEBUG - Save part 'xl/styles.xml'
09:15:30.020 [main] DEBUG - Save part 'xl/theme/theme1.xml'
09:15:30.021 [main] DEBUG - Save part 'xl/workbook.xml'
09:15:30.022 [main] DEBUG - Save part 'xl/worksheets/sheet1.xml'
09:15:30.051 [main] DEBUG - Parsing relationship: /xl/_rels/workbook.xml.rels
09:15:30.052 [main] DEBUG - Parsing relationship: /xl/worksheets/_rels/sheet1.xml.rels
09:15:30.053 [main] DEBUG - Parsing relationship: /_rels/.rels
09:15:30.060 [main] DEBUG - using default POIXMLDocumentPart for http://schemas.openxmlformats.org/officeDocument/2006/relationships/printerSettings
09:15:30.077 [main] DEBUG - Save content types part
09:15:30.080 [main] DEBUG - Save package relationships
09:15:30.082 [main] DEBUG - Save part 'docProps/app.xml'
09:15:30.082 [main] DEBUG - Save part 'docProps/core.xml'
09:15:30.084 [main] DEBUG - Save part 'xl/printerSettings/printerSettings1.bin'
09:15:30.084 [main] DEBUG - Save part 'xl/sharedStrings.xml'
09:15:30.084 [main] DEBUG - Save part 'xl/styles.xml'
09:15:30.085 [main] DEBUG - Save part 'xl/theme/theme1.xml'
09:15:30.085 [main] DEBUG - Save part 'xl/workbook.xml'
09:15:30.087 [main] DEBUG - Save part 'xl/worksheets/sheet1.xml'
